{"contracts/Box.sol":{"l":{"15":1,"16":1,"21":2},"path":"/home/furkansezal/dao/contracts/Box.sol","s":{"1":1,"2":1,"3":2},"b":{},"f":{"1":1,"2":2},"fnMap":{"1":{"name":"store","line":14,"loc":{"start":{"line":14,"column":4},"end":{"line":17,"column":4}}},"2":{"name":"retrieve","line":20,"loc":{"start":{"line":20,"column":4},"end":{"line":22,"column":4}}}},"statementMap":{"1":{"start":{"line":15,"column":8},"end":{"line":15,"column":23}},"2":{"start":{"line":16,"column":8},"end":{"line":16,"column":35}},"3":{"start":{"line":21,"column":8},"end":{"line":21,"column":20}}},"branchMap":{}},"contracts/GovernanceToken.sol":{"l":{"17":5,"18":4,"25":3,"26":3,"34":10,"35":10,"43":4,"47":2,"51":0,"58":0},"path":"/home/furkansezal/dao/contracts/GovernanceToken.sol","s":{"1":5,"2":3,"3":3,"4":10,"5":10,"6":4,"7":2,"8":0,"9":0},"b":{"1":[4,1]},"f":{"1":5,"2":3,"3":10,"4":4,"5":2,"6":0,"7":0},"fnMap":{"1":{"name":"onlyOwner","line":16,"loc":{"start":{"line":16,"column":4},"end":{"line":19,"column":4}}},"2":{"name":"constructor","line":23,"loc":{"start":{"line":21,"column":4},"end":{"line":27,"column":4}}},"3":{"name":"_afterTokenTransfer","line":29,"loc":{"start":{"line":29,"column":4},"end":{"line":36,"column":4}}},"4":{"name":"_mint","line":41,"loc":{"start":{"line":38,"column":4},"end":{"line":44,"column":4}}},"5":{"name":"mintToken","line":46,"loc":{"start":{"line":46,"column":4},"end":{"line":48,"column":4}}},"6":{"name":"burnToken","line":50,"loc":{"start":{"line":50,"column":4},"end":{"line":52,"column":4}}},"7":{"name":"_burn","line":54,"loc":{"start":{"line":54,"column":4},"end":{"line":59,"column":4}}}},"statementMap":{"1":{"start":{"line":17,"column":8},"end":{"line":17,"column":73}},"2":{"start":{"line":25,"column":8},"end":{"line":25,"column":27}},"3":{"start":{"line":26,"column":8},"end":{"line":26,"column":41}},"4":{"start":{"line":34,"column":8},"end":{"line":34,"column":50}},"5":{"start":{"line":35,"column":8},"end":{"line":35,"column":44}},"6":{"start":{"line":43,"column":8},"end":{"line":43,"column":30}},"7":{"start":{"line":47,"column":8},"end":{"line":47,"column":24}},"8":{"start":{"line":51,"column":8},"end":{"line":51,"column":29}},"9":{"start":{"line":58,"column":8},"end":{"line":58,"column":35}}},"branchMap":{"1":{"line":17,"type":"if","locations":[{"start":{"line":17,"column":8},"end":{"line":17,"column":8}},{"start":{"line":17,"column":8},"end":{"line":17,"column":8}}]}}},"contracts/GovernerContract.sol":{"l":{"45":2,"54":2,"63":6,"72":14,"81":2,"90":2,"100":1,"109":0,"118":2,"127":0},"path":"/home/furkansezal/dao/contracts/GovernerContract.sol","s":{"1":2,"2":2,"3":6,"4":14,"5":2,"6":2,"7":1,"8":0,"9":2,"10":0},"b":{},"f":{"1":3,"2":2,"3":2,"4":6,"5":14,"6":2,"7":2,"8":1,"9":0,"10":2,"11":0},"fnMap":{"1":{"name":"constructor","line":34,"loc":{"start":{"line":19,"column":4},"end":{"line":35,"column":5}}},"2":{"name":"votingDelay","line":39,"loc":{"start":{"line":39,"column":4},"end":{"line":46,"column":4}}},"3":{"name":"votingPeriod","line":48,"loc":{"start":{"line":48,"column":4},"end":{"line":55,"column":4}}},"4":{"name":"quorum","line":57,"loc":{"start":{"line":57,"column":4},"end":{"line":64,"column":4}}},"5":{"name":"state","line":66,"loc":{"start":{"line":66,"column":4},"end":{"line":73,"column":4}}},"6":{"name":"propose","line":75,"loc":{"start":{"line":75,"column":4},"end":{"line":82,"column":4}}},"7":{"name":"proposalThreshold","line":84,"loc":{"start":{"line":84,"column":4},"end":{"line":91,"column":4}}},"8":{"name":"_execute","line":93,"loc":{"start":{"line":93,"column":4},"end":{"line":101,"column":4}}},"9":{"name":"_cancel","line":103,"loc":{"start":{"line":103,"column":4},"end":{"line":110,"column":4}}},"10":{"name":"_executor","line":112,"loc":{"start":{"line":112,"column":4},"end":{"line":119,"column":4}}},"11":{"name":"supportsInterface","line":121,"loc":{"start":{"line":121,"column":4},"end":{"line":128,"column":4}}}},"statementMap":{"1":{"start":{"line":45,"column":8},"end":{"line":45,"column":34}},"2":{"start":{"line":54,"column":8},"end":{"line":54,"column":35}},"3":{"start":{"line":63,"column":8},"end":{"line":63,"column":40}},"4":{"start":{"line":72,"column":8},"end":{"line":72,"column":38}},"5":{"start":{"line":81,"column":8},"end":{"line":81,"column":69}},"6":{"start":{"line":90,"column":8},"end":{"line":90,"column":40}},"7":{"start":{"line":100,"column":8},"end":{"line":100,"column":78}},"8":{"start":{"line":109,"column":8},"end":{"line":109,"column":73}},"9":{"start":{"line":118,"column":8},"end":{"line":118,"column":32}},"10":{"start":{"line":127,"column":8},"end":{"line":127,"column":51}}},"branchMap":{}},"contracts/TimeLock.sol":{"l":{},"path":"/home/furkansezal/dao/contracts/TimeLock.sol","s":{},"b":{},"f":{"1":3},"fnMap":{"1":{"name":"constructor","line":14,"loc":{"start":{"line":10,"column":4},"end":{"line":14,"column":58}}}},"statementMap":{},"branchMap":{}}}