{"contracts/FundProject.sol":{"l":{"51":3,"52":0,"53":3,"57":3,"58":3,"59":3,"67":3,"68":3,"69":3,"79":7,"80":0,"82":7,"83":7,"84":7,"85":7,"86":7,"87":7,"88":7,"89":7,"90":7,"91":7,"92":7,"98":0,"99":0,"100":0,"111":12,"112":14,"113":14,"115":14,"116":14,"117":4,"118":4,"124":4,"125":4,"126":1,"129":3,"130":3,"131":3,"133":3,"134":1,"135":1,"137":1,"138":1,"141":1,"142":0,"145":1,"147":2,"148":2,"153":8,"154":0,"156":8,"157":8,"162":1,"163":0,"164":0,"167":0,"168":0,"171":1,"180":4,"188":1,"196":7,"204":1,"212":0,"216":3,"224":2,"228":9,"232":0,"240":2,"248":0,"252":1,"260":0,"261":0},"path":"/home/furkansezal/dao/contracts/FundProject.sol","s":{"1":3,"2":3,"3":3,"4":3,"5":3,"6":3,"7":3,"8":7,"9":7,"10":7,"11":7,"12":7,"13":7,"14":7,"15":7,"16":7,"17":7,"18":7,"19":0,"20":0,"21":0,"22":12,"23":14,"24":14,"25":14,"26":14,"27":4,"28":4,"29":4,"30":3,"31":3,"32":3,"33":3,"34":1,"35":1,"36":1,"37":1,"38":1,"39":1,"40":2,"41":2,"42":8,"43":8,"44":8,"45":1,"46":0,"47":0,"48":0,"49":4,"50":1,"51":7,"52":1,"53":0,"54":3,"55":2,"56":9,"57":0,"58":2,"59":0,"60":1,"61":0,"62":0},"b":{"1":[0,3],"2":[0,7],"3":[4,10],"4":[1,3],"5":[1,2],"6":[0,1],"7":[0,8],"8":[0,1],"9":[0,0]},"f":{"1":3,"2":3,"3":3,"4":7,"5":0,"6":12,"7":4,"8":8,"9":1,"10":4,"11":1,"12":7,"13":1,"14":0,"15":3,"16":2,"17":9,"18":0,"19":2,"20":0,"21":1,"22":0},"fnMap":{"1":{"name":"isApporovedByDao","line":50,"loc":{"start":{"line":50,"column":4},"end":{"line":54,"column":4}}},"2":{"name":"constructor","line":56,"loc":{"start":{"line":56,"column":4},"end":{"line":60,"column":4}}},"3":{"name":"fund","line":65,"loc":{"start":{"line":62,"column":4},"end":{"line":70,"column":4}}},"4":{"name":"apporoveFundingByDao","line":77,"loc":{"start":{"line":72,"column":4},"end":{"line":94,"column":4}}},"5":{"name":"cancelApporovelFundingByDao","line":96,"loc":{"start":{"line":96,"column":4},"end":{"line":101,"column":4}}},"6":{"name":"checkUpkeep","line":103,"loc":{"start":{"line":103,"column":4},"end":{"line":121,"column":4}}},"7":{"name":"performUpkeep","line":123,"loc":{"start":{"line":123,"column":4},"end":{"line":150,"column":4}}},"8":{"name":"paySubmitFee","line":152,"loc":{"start":{"line":152,"column":4},"end":{"line":159,"column":4}}},"9":{"name":"withdrawFund","line":161,"loc":{"start":{"line":161,"column":4},"end":{"line":173,"column":4}}},"10":{"name":"_isApporoveFundingByDao","line":175,"loc":{"start":{"line":175,"column":4},"end":{"line":181,"column":4}}},"11":{"name":"_getHashOfProjectData","line":183,"loc":{"start":{"line":183,"column":4},"end":{"line":189,"column":4}}},"12":{"name":"_getProjectId","line":191,"loc":{"start":{"line":191,"column":4},"end":{"line":197,"column":4}}},"13":{"name":"_getBalanceOfProject","line":199,"loc":{"start":{"line":199,"column":4},"end":{"line":205,"column":4}}},"14":{"name":"_getFundingGoalAmount","line":207,"loc":{"start":{"line":207,"column":4},"end":{"line":213,"column":4}}},"15":{"name":"is_funding","line":215,"loc":{"start":{"line":215,"column":4},"end":{"line":217,"column":4}}},"16":{"name":"_getProjectStatus","line":219,"loc":{"start":{"line":219,"column":4},"end":{"line":225,"column":4}}},"17":{"name":"getEnteranceFee","line":227,"loc":{"start":{"line":227,"column":4},"end":{"line":229,"column":4}}},"18":{"name":"isEnteranceFeePaid","line":231,"loc":{"start":{"line":231,"column":4},"end":{"line":233,"column":4}}},"19":{"name":"getFunderBalance","line":235,"loc":{"start":{"line":235,"column":4},"end":{"line":241,"column":4}}},"20":{"name":"getInvestedProjects","line":243,"loc":{"start":{"line":243,"column":4},"end":{"line":249,"column":4}}},"21":{"name":"getDaoPercentage","line":251,"loc":{"start":{"line":251,"column":4},"end":{"line":253,"column":4}}},"22":{"name":"getTimeleft","line":255,"loc":{"start":{"line":255,"column":4},"end":{"line":262,"column":4}}}},"statementMap":{"1":{"start":{"line":51,"column":8},"end":{"line":51,"column":2067}},"2":{"start":{"line":57,"column":8},"end":{"line":57,"column":38}},"3":{"start":{"line":58,"column":8},"end":{"line":58,"column":37}},"4":{"start":{"line":59,"column":8},"end":{"line":59,"column":35}},"5":{"start":{"line":67,"column":8},"end":{"line":67,"column":50}},"6":{"start":{"line":68,"column":8},"end":{"line":68,"column":43}},"7":{"start":{"line":69,"column":8},"end":{"line":69,"column":49}},"8":{"start":{"line":79,"column":8},"end":{"line":79,"column":2836}},"9":{"start":{"line":82,"column":12},"end":{"line":82,"column":60}},"10":{"start":{"line":83,"column":12},"end":{"line":83,"column":77}},"11":{"start":{"line":84,"column":12},"end":{"line":84,"column":34}},"12":{"start":{"line":85,"column":12},"end":{"line":85,"column":67}},"13":{"start":{"line":86,"column":12},"end":{"line":86,"column":49}},"14":{"start":{"line":87,"column":12},"end":{"line":87,"column":42}},"15":{"start":{"line":88,"column":12},"end":{"line":88,"column":64}},"16":{"start":{"line":89,"column":12},"end":{"line":89,"column":46}},"17":{"start":{"line":90,"column":12},"end":{"line":90,"column":39}},"18":{"start":{"line":91,"column":12},"end":{"line":91,"column":48}},"19":{"start":{"line":98,"column":8},"end":{"line":98,"column":43}},"20":{"start":{"line":99,"column":8},"end":{"line":99,"column":36}},"21":{"start":{"line":100,"column":8},"end":{"line":100,"column":71}},"22":{"start":{"line":111,"column":8},"end":{"line":111,"column":4023}},"23":{"start":{"line":112,"column":12},"end":{"line":112,"column":41}},"24":{"start":{"line":113,"column":12},"end":{"line":113,"column":4133}},"25":{"start":{"line":115,"column":12},"end":{"line":115,"column":50}},"26":{"start":{"line":116,"column":12},"end":{"line":116,"column":4280}},"27":{"start":{"line":117,"column":16},"end":{"line":117,"column":48}},"28":{"start":{"line":124,"column":8},"end":{"line":124,"column":47}},"29":{"start":{"line":125,"column":8},"end":{"line":125,"column":4533}},"30":{"start":{"line":129,"column":8},"end":{"line":129,"column":57}},"31":{"start":{"line":130,"column":8},"end":{"line":130,"column":36}},"32":{"start":{"line":131,"column":8},"end":{"line":131,"column":43}},"33":{"start":{"line":133,"column":8},"end":{"line":133,"column":4766}},"34":{"start":{"line":134,"column":12},"end":{"line":134,"column":74}},"35":{"start":{"line":135,"column":12},"end":{"line":135,"column":4935}},"36":{"start":{"line":137,"column":12},"end":{"line":137,"column":38}},"37":{"start":{"line":138,"column":12},"end":{"line":138,"column":5073}},"38":{"start":{"line":141,"column":12},"end":{"line":141,"column":5192}},"39":{"start":{"line":145,"column":12},"end":{"line":145,"column":53}},"40":{"start":{"line":147,"column":12},"end":{"line":147,"column":73}},"41":{"start":{"line":148,"column":12},"end":{"line":148,"column":48}},"42":{"start":{"line":153,"column":8},"end":{"line":153,"column":5564}},"43":{"start":{"line":156,"column":12},"end":{"line":156,"column":49}},"44":{"start":{"line":157,"column":12},"end":{"line":157,"column":45}},"45":{"start":{"line":162,"column":8},"end":{"line":162,"column":5844}},"46":{"start":{"line":163,"column":12},"end":{"line":163,"column":64}},"47":{"start":{"line":164,"column":12},"end":{"line":164,"column":5999}},"48":{"start":{"line":167,"column":12},"end":{"line":167,"column":6110}},"49":{"start":{"line":180,"column":8},"end":{"line":180,"column":43}},"50":{"start":{"line":188,"column":8},"end":{"line":188,"column":34}},"51":{"start":{"line":196,"column":8},"end":{"line":196,"column":41}},"52":{"start":{"line":204,"column":8},"end":{"line":204,"column":38}},"53":{"start":{"line":212,"column":8},"end":{"line":212,"column":50}},"54":{"start":{"line":216,"column":8},"end":{"line":216,"column":37}},"55":{"start":{"line":224,"column":8},"end":{"line":224,"column":48}},"56":{"start":{"line":228,"column":8},"end":{"line":228,"column":27}},"57":{"start":{"line":232,"column":8},"end":{"line":232,"column":43}},"58":{"start":{"line":240,"column":8},"end":{"line":240,"column":46}},"59":{"start":{"line":248,"column":8},"end":{"line":248,"column":41}},"60":{"start":{"line":252,"column":8},"end":{"line":252,"column":28}},"61":{"start":{"line":260,"column":8},"end":{"line":260,"column":72}},"62":{"start":{"line":261,"column":8},"end":{"line":261,"column":27}}},"branchMap":{"1":{"line":51,"type":"if","locations":[{"start":{"line":51,"column":8},"end":{"line":51,"column":8}},{"start":{"line":51,"column":8},"end":{"line":51,"column":8}}]},"2":{"line":79,"type":"if","locations":[{"start":{"line":79,"column":8},"end":{"line":79,"column":8}},{"start":{"line":79,"column":8},"end":{"line":79,"column":8}}]},"3":{"line":116,"type":"if","locations":[{"start":{"line":116,"column":12},"end":{"line":116,"column":12}},{"start":{"line":116,"column":12},"end":{"line":116,"column":12}}]},"4":{"line":125,"type":"if","locations":[{"start":{"line":125,"column":8},"end":{"line":125,"column":8}},{"start":{"line":125,"column":8},"end":{"line":125,"column":8}}]},"5":{"line":133,"type":"if","locations":[{"start":{"line":133,"column":8},"end":{"line":133,"column":8}},{"start":{"line":133,"column":8},"end":{"line":133,"column":8}}]},"6":{"line":141,"type":"if","locations":[{"start":{"line":141,"column":12},"end":{"line":141,"column":12}},{"start":{"line":141,"column":12},"end":{"line":141,"column":12}}]},"7":{"line":153,"type":"if","locations":[{"start":{"line":153,"column":8},"end":{"line":153,"column":8}},{"start":{"line":153,"column":8},"end":{"line":153,"column":8}}]},"8":{"line":162,"type":"if","locations":[{"start":{"line":162,"column":8},"end":{"line":162,"column":8}},{"start":{"line":162,"column":8},"end":{"line":162,"column":8}}]},"9":{"line":167,"type":"if","locations":[{"start":{"line":167,"column":12},"end":{"line":167,"column":12}},{"start":{"line":167,"column":12},"end":{"line":167,"column":12}}]}}},"contracts/GovernanceToken.sol":{"l":{"20":3,"28":31,"29":31,"37":3,"41":0,"45":1,"52":1},"path":"/home/furkansezal/dao/contracts/GovernanceToken.sol","s":{"1":3,"2":31,"3":31,"4":3,"5":0,"6":1,"7":1},"b":{},"f":{"1":3,"2":31,"3":3,"4":0,"5":1,"6":1},"fnMap":{"1":{"name":"constructor","line":18,"loc":{"start":{"line":16,"column":4},"end":{"line":21,"column":4}}},"2":{"name":"_afterTokenTransfer","line":23,"loc":{"start":{"line":23,"column":4},"end":{"line":30,"column":4}}},"3":{"name":"_mint","line":35,"loc":{"start":{"line":32,"column":4},"end":{"line":38,"column":4}}},"4":{"name":"mintToken","line":40,"loc":{"start":{"line":40,"column":4},"end":{"line":42,"column":4}}},"5":{"name":"burnToken","line":44,"loc":{"start":{"line":44,"column":4},"end":{"line":46,"column":4}}},"6":{"name":"_burn","line":48,"loc":{"start":{"line":48,"column":4},"end":{"line":53,"column":4}}}},"statementMap":{"1":{"start":{"line":20,"column":8},"end":{"line":20,"column":41}},"2":{"start":{"line":28,"column":8},"end":{"line":28,"column":50}},"3":{"start":{"line":29,"column":8},"end":{"line":29,"column":44}},"4":{"start":{"line":37,"column":8},"end":{"line":37,"column":30}},"5":{"start":{"line":41,"column":8},"end":{"line":41,"column":24}},"6":{"start":{"line":45,"column":8},"end":{"line":45,"column":29}},"7":{"start":{"line":52,"column":8},"end":{"line":52,"column":35}}},"branchMap":{}},"contracts/GovernerContract.sol":{"l":{"52":8,"61":8,"70":24,"79":50,"88":16,"89":8,"91":8,"100":8,"110":7,"119":0,"128":14,"137":0},"path":"/home/furkansezal/dao/contracts/GovernerContract.sol","s":{"1":8,"2":8,"3":24,"4":50,"5":16,"6":8,"7":8,"8":7,"9":0,"10":14,"11":0},"b":{"1":[8,8]},"f":{"1":3,"2":8,"3":8,"4":24,"5":50,"6":16,"7":8,"8":7,"9":0,"10":14,"11":0},"fnMap":{"1":{"name":"constructor","line":41,"loc":{"start":{"line":23,"column":4},"end":{"line":42,"column":5}}},"2":{"name":"votingDelay","line":46,"loc":{"start":{"line":46,"column":4},"end":{"line":53,"column":4}}},"3":{"name":"votingPeriod","line":55,"loc":{"start":{"line":55,"column":4},"end":{"line":62,"column":4}}},"4":{"name":"quorum","line":64,"loc":{"start":{"line":64,"column":4},"end":{"line":71,"column":4}}},"5":{"name":"state","line":73,"loc":{"start":{"line":73,"column":4},"end":{"line":80,"column":4}}},"6":{"name":"propose","line":82,"loc":{"start":{"line":82,"column":4},"end":{"line":92,"column":4}}},"7":{"name":"proposalThreshold","line":94,"loc":{"start":{"line":94,"column":4},"end":{"line":101,"column":4}}},"8":{"name":"_execute","line":103,"loc":{"start":{"line":103,"column":4},"end":{"line":111,"column":4}}},"9":{"name":"_cancel","line":113,"loc":{"start":{"line":113,"column":4},"end":{"line":120,"column":4}}},"10":{"name":"_executor","line":122,"loc":{"start":{"line":122,"column":4},"end":{"line":129,"column":4}}},"11":{"name":"supportsInterface","line":131,"loc":{"start":{"line":131,"column":4},"end":{"line":138,"column":4}}}},"statementMap":{"1":{"start":{"line":52,"column":8},"end":{"line":52,"column":34}},"2":{"start":{"line":61,"column":8},"end":{"line":61,"column":35}},"3":{"start":{"line":70,"column":8},"end":{"line":70,"column":40}},"4":{"start":{"line":79,"column":8},"end":{"line":79,"column":38}},"5":{"start":{"line":88,"column":8},"end":{"line":88,"column":2473}},"6":{"start":{"line":91,"column":8},"end":{"line":91,"column":69}},"7":{"start":{"line":100,"column":8},"end":{"line":100,"column":40}},"8":{"start":{"line":110,"column":8},"end":{"line":110,"column":78}},"9":{"start":{"line":119,"column":8},"end":{"line":119,"column":73}},"10":{"start":{"line":128,"column":8},"end":{"line":128,"column":32}},"11":{"start":{"line":137,"column":8},"end":{"line":137,"column":51}}},"branchMap":{"1":{"line":88,"type":"if","locations":[{"start":{"line":88,"column":8},"end":{"line":88,"column":8}},{"start":{"line":88,"column":8},"end":{"line":88,"column":8}}]}}},"contracts/TimeLock.sol":{"l":{},"path":"/home/furkansezal/dao/contracts/TimeLock.sol","s":{},"b":{},"f":{"1":3},"fnMap":{"1":{"name":"constructor","line":14,"loc":{"start":{"line":10,"column":4},"end":{"line":14,"column":58}}}},"statementMap":{},"branchMap":{}}}