{
"contracts/FundProject.sol":{"l":{"55":3,"56":0,"57":3,"61":3,"62":3,"63":3,"71":3,"72":3,"73":3,"83":7,"84":0,"86":7,"87":7,"88":7,"89":7,"90":7,"91":7,"92":7,"93":7,"94":7,"95":7,"96":7,"102":0,"103":0,"104":0,"115":12,"116":14,"117":14,"119":14,"120":14,"121":4,"122":4,"128":4,"129":4,"130":1,"133":3,"134":3,"135":3,"137":3,"138":1,"139":1,"141":1,"142":1,"145":1,"146":0,"149":1,"151":2,"152":2,"157":8,"158":0,"160":8,"161":8,"166":2,"167":1,"168":1,"169":1,"172":1,"173":0,"175":1,"177":1,"186":4,"194":1,"202":7,"210":1,"218":0,"222":3,"230":3,"234":9,"238":0,"246":2,"254":0,"258":1,"266":0,"267":0},"path":"/home/furkansezal/dao/contracts/FundProject.sol","s":{"1":3,"2":3,"3":3,"4":3,"5":3,"6":3,"7":3,"8":7,"9":7,"10":7,"11":7,"12":7,"13":7,"14":7,"15":7,"16":7,"17":7,"18":7,"19":0,"20":0,"21":0,"22":12,"23":14,"24":14,"25":14,"26":14,"27":4,"28":4,"29":4,"30":3,"31":3,"32":3,"33":3,"34":1,"35":1,"36":1,"37":1,"38":1,"39":1,"40":2,"41":2,"42":8,"43":8,"44":8,"45":2,"46":1,"47":1,"48":1,"49":1,"50":1,"51":4,"52":1,"53":7,"54":1,"55":0,"56":3,"57":3,"58":9,"59":0,"60":2,"61":0,"62":1,"63":0,"64":0},"b":{"1":[0,3],"2":[0,7],"3":[4,10],"4":[1,3],"5":[1,2],"6":[0,1],"7":[0,8],"8":[1,1],"9":[0,1]},"f":{"1":3,"2":3,"3":3,"4":7,"5":0,"6":12,"7":4,"8":8,"9":2,"10":4,"11":1,"12":7,"13":1,"14":0,"15":3,"16":3,"17":9,"18":0,"19":2,"20":0,"21":1,"22":0},"fnMap":{"1":{"name":"isApporovedByDao","line":54,"loc":{"start":{"line":54,"column":4},"end":{"line":58,"column":4}}},"2":{"name":"constructor","line":60,"loc":{"start":{"line":60,"column":4},"end":{"line":64,"column":4}}},"3":{"name":"fund","line":69,"loc":{"start":{"line":66,"column":4},"end":{"line":74,"column":4}}},"4":{"name":"apporoveFundingByDao","line":81,"loc":{"start":{"line":76,"column":4},"end":{"line":98,"column":4}}},"5":{"name":"cancelApporovelFundingByDao","line":100,"loc":{"start":{"line":100,"column":4},"end":{"line":105,"column":4}}},"6":{"name":"checkUpkeep","line":107,"loc":{"start":{"line":107,"column":4},"end":{"line":125,"column":4}}},"7":{"name":"performUpkeep","line":127,"loc":{"start":{"line":127,"column":4},"end":{"line":154,"column":4}}},"8":{"name":"paySubmitFee","line":156,"loc":{"start":{"line":156,"column":4},"end":{"line":163,"column":4}}},"9":{"name":"withdrawFund","line":165,"loc":{"start":{"line":165,"column":4},"end":{"line":179,"column":4}}},"10":{"name":"_isApporoveFundingByDao","line":181,"loc":{"start":{"line":181,"column":4},"end":{"line":187,"column":4}}},"11":{"name":"_getHashOfProjectData","line":189,"loc":{"start":{"line":189,"column":4},"end":{"line":195,"column":4}}},"12":{"name":"_getProjectId","line":197,"loc":{"start":{"line":197,"column":4},"end":{"line":203,"column":4}}},"13":{"name":"_getBalanceOfProject","line":205,"loc":{"start":{"line":205,"column":4},"end":{"line":211,"column":4}}},"14":{"name":"_getFundingGoalAmount","line":213,"loc":{"start":{"line":213,"column":4},"end":{"line":219,"column":4}}},"15":{"name":"is_funding","line":221,"loc":{"start":{"line":221,"column":4},"end":{"line":223,"column":4}}},"16":{"name":"_getProjectStatus","line":225,"loc":{"start":{"line":225,"column":4},"end":{"line":231,"column":4}}},"17":{"name":"getEnteranceFee","line":233,"loc":{"start":{"line":233,"column":4},"end":{"line":235,"column":4}}},"18":{"name":"isEnteranceFeePaid","line":237,"loc":{"start":{"line":237,"column":4},"end":{"line":239,"column":4}}},"19":{"name":"getFunderBalance","line":241,"loc":{"start":{"line":241,"column":4},"end":{"line":247,"column":4}}},"20":{"name":"getInvestedProjects","line":249,"loc":{"start":{"line":249,"column":4},"end":{"line":255,"column":4}}},"21":{"name":"getDaoPercentage","line":257,"loc":{"start":{"line":257,"column":4},"end":{"line":259,"column":4}}},"22":{"name":"getTimeleft","line":261,"loc":{"start":{"line":261,"column":4},"end":{"line":268,"column":4}}}},"statementMap":{"1":{"start":{"line":55,"column":8},"end":{"line":55,"column":2182}},"2":{"start":{"line":61,"column":8},"end":{"line":61,"column":38}},"3":{"start":{"line":62,"column":8},"end":{"line":62,"column":37}},"4":{"start":{"line":63,"column":8},"end":{"line":63,"column":35}},"5":{"start":{"line":71,"column":8},"end":{"line":71,"column":50}},"6":{"start":{"line":72,"column":8},"end":{"line":72,"column":43}},"7":{"start":{"line":73,"column":8},"end":{"line":73,"column":49}},"8":{"start":{"line":83,"column":8},"end":{"line":83,"column":2951}},"9":{"start":{"line":86,"column":12},"end":{"line":86,"column":60}},"10":{"start":{"line":87,"column":12},"end":{"line":87,"column":77}},"11":{"start":{"line":88,"column":12},"end":{"line":88,"column":34}},"12":{"start":{"line":89,"column":12},"end":{"line":89,"column":67}},"13":{"start":{"line":90,"column":12},"end":{"line":90,"column":49}},"14":{"start":{"line":91,"column":12},"end":{"line":91,"column":42}},"15":{"start":{"line":92,"column":12},"end":{"line":92,"column":64}},"16":{"start":{"line":93,"column":12},"end":{"line":93,"column":46}},"17":{"start":{"line":94,"column":12},"end":{"line":94,"column":39}},"18":{"start":{"line":95,"column":12},"end":{"line":95,"column":48}},"19":{"start":{"line":102,"column":8},"end":{"line":102,"column":43}},"20":{"start":{"line":103,"column":8},"end":{"line":103,"column":36}},"21":{"start":{"line":104,"column":8},"end":{"line":104,"column":71}},"22":{"start":{"line":115,"column":8},"end":{"line":115,"column":4138}},"23":{"start":{"line":116,"column":12},"end":{"line":116,"column":41}},"24":{"start":{"line":117,"column":12},"end":{"line":117,"column":4248}},"25":{"start":{"line":119,"column":12},"end":{"line":119,"column":50}},"26":{"start":{"line":120,"column":12},"end":{"line":120,"column":4395}},"27":{"start":{"line":121,"column":16},"end":{"line":121,"column":48}},"28":{"start":{"line":128,"column":8},"end":{"line":128,"column":47}},"29":{"start":{"line":129,"column":8},"end":{"line":129,"column":4648}},"30":{"start":{"line":133,"column":8},"end":{"line":133,"column":57}},"31":{"start":{"line":134,"column":8},"end":{"line":134,"column":36}},"32":{"start":{"line":135,"column":8},"end":{"line":135,"column":43}},"33":{"start":{"line":137,"column":8},"end":{"line":137,"column":4881}},"34":{"start":{"line":138,"column":12},"end":{"line":138,"column":74}},"35":{"start":{"line":139,"column":12},"end":{"line":139,"column":5050}},"36":{"start":{"line":141,"column":12},"end":{"line":141,"column":38}},"37":{"start":{"line":142,"column":12},"end":{"line":142,"column":5188}},"38":{"start":{"line":145,"column":12},"end":{"line":145,"column":5307}},"39":{"start":{"line":149,"column":12},"end":{"line":149,"column":53}},"40":{"start":{"line":151,"column":12},"end":{"line":151,"column":73}},"41":{"start":{"line":152,"column":12},"end":{"line":152,"column":48}},"42":{"start":{"line":157,"column":8},"end":{"line":157,"column":5679}},"43":{"start":{"line":160,"column":12},"end":{"line":160,"column":49}},"44":{"start":{"line":161,"column":12},"end":{"line":161,"column":45}},"45":{"start":{"line":166,"column":8},"end":{"line":166,"column":5959}},"46":{"start":{"line":167,"column":12},"end":{"line":167,"column":64}},"47":{"start":{"line":168,"column":12},"end":{"line":168,"column":46}},"48":{"start":{"line":169,"column":12},"end":{"line":169,"column":6163}},"49":{"start":{"line":172,"column":12},"end":{"line":172,"column":6274}},"50":{"start":{"line":175,"column":12},"end":{"line":175,"column":64}},"51":{"start":{"line":186,"column":8},"end":{"line":186,"column":43}},"52":{"start":{"line":194,"column":8},"end":{"line":194,"column":34}},"53":{"start":{"line":202,"column":8},"end":{"line":202,"column":41}},"54":{"start":{"line":210,"column":8},"end":{"line":210,"column":38}},"55":{"start":{"line":218,"column":8},"end":{"line":218,"column":50}},"56":{"start":{"line":222,"column":8},"end":{"line":222,"column":37}},"57":{"start":{"line":230,"column":8},"end":{"line":230,"column":48}},"58":{"start":{"line":234,"column":8},"end":{"line":234,"column":27}},"59":{"start":{"line":238,"column":8},"end":{"line":238,"column":43}},"60":{"start":{"line":246,"column":8},"end":{"line":246,"column":46}},"61":{"start":{"line":254,"column":8},"end":{"line":254,"column":41}},"62":{"start":{"line":258,"column":8},"end":{"line":258,"column":28}},"63":{"start":{"line":266,"column":8},"end":{"line":266,"column":72}},"64":{"start":{"line":267,"column":8},"end":{"line":267,"column":27}}},"branchMap":{"1":{"line":55,"type":"if","locations":[{"start":{"line":55,"column":8},"end":{"line":55,"column":8}},{"start":{"line":55,"column":8},"end":{"line":55,"column":8}}]},"2":{"line":83,"type":"if","locations":[{"start":{"line":83,"column":8},"end":{"line":83,"column":8}},{"start":{"line":83,"column":8},"end":{"line":83,"column":8}}]},"3":{"line":120,"type":"if","locations":[{"start":{"line":120,"column":12},"end":{"line":120,"column":12}},{"start":{"line":120,"column":12},"end":{"line":120,"column":12}}]},"4":{"line":129,"type":"if","locations":[{"start":{"line":129,"column":8},"end":{"line":129,"column":8}},{"start":{"line":129,"column":8},"end":{"line":129,"column":8}}]},"5":{"line":137,"type":"if","locations":[{"start":{"line":137,"column":8},"end":{"line":137,"column":8}},{"start":{"line":137,"column":8},"end":{"line":137,"column":8}}]},"6":{"line":145,"type":"if","locations":[{"start":{"line":145,"column":12},"end":{"line":145,"column":12}},{"start":{"line":145,"column":12},"end":{"line":145,"column":12}}]},"7":{"line":157,"type":"if","locations":[{"start":{"line":157,"column":8},"end":{"line":157,"column":8}},{"start":{"line":157,"column":8},"end":{"line":157,"column":8}}]},"8":{"line":166,"type":"if","locations":[{"start":{"line":166,"column":8},"end":{"line":166,"column":8}},{"start":{"line":166,"column":8},"end":{"line":166,"column":8}}]},"9":{"line":172,"type":"if","locations":[{"start":{"line":172,"column":12},"end":{"line":172,"column":12}},{"start":{"line":172,"column":12},"end":{"line":172,"column":12}}]}}},
"contracts/GovernanceToken.sol":{"l":{"20":3,"28":31,"29":31,"37":3,"41":0,"45":1,"52":1},"path":"/home/furkansezal/dao/contracts/GovernanceToken.sol","s":{"1":3,"2":31,"3":31,"4":3,"5":0,"6":1,"7":1},"b":{},"f":{"1":3,"2":31,"3":3,"4":0,"5":1,"6":1},"fnMap":{"1":{"name":"constructor","line":18,"loc":{"start":{"line":16,"column":4},"end":{"line":21,"column":4}}},"2":{"name":"_afterTokenTransfer","line":23,"loc":{"start":{"line":23,"column":4},"end":{"line":30,"column":4}}},"3":{"name":"_mint","line":35,"loc":{"start":{"line":32,"column":4},"end":{"line":38,"column":4}}},"4":{"name":"mintToken","line":40,"loc":{"start":{"line":40,"column":4},"end":{"line":42,"column":4}}},"5":{"name":"burnToken","line":44,"loc":{"start":{"line":44,"column":4},"end":{"line":46,"column":4}}},"6":{"name":"_burn","line":48,"loc":{"start":{"line":48,"column":4},"end":{"line":53,"column":4}}}},"statementMap":{"1":{"start":{"line":20,"column":8},"end":{"line":20,"column":41}},"2":{"start":{"line":28,"column":8},"end":{"line":28,"column":50}},"3":{"start":{"line":29,"column":8},"end":{"line":29,"column":44}},"4":{"start":{"line":37,"column":8},"end":{"line":37,"column":30}},"5":{"start":{"line":41,"column":8},"end":{"line":41,"column":24}},"6":{"start":{"line":45,"column":8},"end":{"line":45,"column":29}},"7":{"start":{"line":52,"column":8},"end":{"line":52,"column":35}}},"branchMap":{}},
"contracts/GovernerContract.sol":{"l":{"52":8,"61":8,"70":24,"79":50,"88":16,"89":8,"91":8,"100":8,"110":7,"119":0,"128":14,"137":0},"path":"/home/furkansezal/dao/contracts/GovernerContract.sol","s":{"1":8,"2":8,"3":24,"4":50,"5":16,"6":8,"7":8,"8":7,"9":0,"10":14,"11":0},"b":{"1":[8,8]},"f":{"1":3,"2":8,"3":8,"4":24,"5":50,"6":16,"7":8,"8":7,"9":0,"10":14,"11":0},"fnMap":{"1":{"name":"constructor","line":41,"loc":{"start":{"line":23,"column":4},"end":{"line":42,"column":5}}},"2":{"name":"votingDelay","line":46,"loc":{"start":{"line":46,"column":4},"end":{"line":53,"column":4}}},"3":{"name":"votingPeriod","line":55,"loc":{"start":{"line":55,"column":4},"end":{"line":62,"column":4}}},"4":{"name":"quorum","line":64,"loc":{"start":{"line":64,"column":4},"end":{"line":71,"column":4}}},"5":{"name":"state","line":73,"loc":{"start":{"line":73,"column":4},"end":{"line":80,"column":4}}},"6":{"name":"propose","line":82,"loc":{"start":{"line":82,"column":4},"end":{"line":92,"column":4}}},"7":{"name":"proposalThreshold","line":94,"loc":{"start":{"line":94,"column":4},"end":{"line":101,"column":4}}},"8":{"name":"_execute","line":103,"loc":{"start":{"line":103,"column":4},"end":{"line":111,"column":4}}},"9":{"name":"_cancel","line":113,"loc":{"start":{"line":113,"column":4},"end":{"line":120,"column":4}}},"10":{"name":"_executor","line":122,"loc":{"start":{"line":122,"column":4},"end":{"line":129,"column":4}}},"11":{"name":"supportsInterface","line":131,"loc":{"start":{"line":131,"column":4},"end":{"line":138,"column":4}}}},"statementMap":{"1":{"start":{"line":52,"column":8},"end":{"line":52,"column":34}},"2":{"start":{"line":61,"column":8},"end":{"line":61,"column":35}},"3":{"start":{"line":70,"column":8},"end":{"line":70,"column":40}},"4":{"start":{"line":79,"column":8},"end":{"line":79,"column":38}},"5":{"start":{"line":88,"column":8},"end":{"line":88,"column":2473}},"6":{"start":{"line":91,"column":8},"end":{"line":91,"column":69}},"7":{"start":{"line":100,"column":8},"end":{"line":100,"column":40}},"8":{"start":{"line":110,"column":8},"end":{"line":110,"column":78}},"9":{"start":{"line":119,"column":8},"end":{"line":119,"column":73}},"10":{"start":{"line":128,"column":8},"end":{"line":128,"column":32}},"11":{"start":{"line":137,"column":8},"end":{"line":137,"column":51}}},"branchMap":{"1":{"line":88,"type":"if","locations":[{"start":{"line":88,"column":8},"end":{"line":88,"column":8}},{"start":{"line":88,"column":8},"end":{"line":88,"column":8}}]}}},
"contracts/TimeLock.sol":{"l":{},"path":"/home/furkansezal/dao/contracts/TimeLock.sol","s":{},"b":{},"f":{"1":3},"fnMap":{"1":{"name":"constructor","line":14,"loc":{"start":{"line":10,"column":4},"end":{"line":14,"column":58}}}},"statementMap":{},"branchMap":{}}}
