{
"contracts/FundProject.sol":{"l":{"56":3,"57":0,"58":3,"62":3,"63":3,"64":3,"72":3,"73":3,"74":3,"84":7,"89":0,"91":7,"92":7,"93":7,"94":7,"95":7,"96":7,"97":7,"100":7,"101":7,"102":7,"103":7,"109":0,"110":0,"111":0,"122":12,"123":14,"124":6,"127":6,"128":6,"129":4,"130":4,"137":4,"138":4,"139":1,"142":3,"143":3,"144":3,"146":3,"147":1,"148":1,"150":1,"151":1,"154":1,"155":0,"158":1,"160":2,"161":2,"166":8,"167":0,"169":8,"170":8,"171":8,"176":2,"177":1,"178":1,"179":1,"182":1,"183":0,"185":1,"187":1,"196":4,"204":1,"212":7,"220":1,"228":0,"232":3,"240":3,"244":9,"248":0,"256":2,"264":0,"268":1,"276":0,"277":0,"281":9},"path":"/home/furkansezal/dao/contracts/FundProject.sol","s":{"1":3,"2":3,"3":3,"4":3,"5":3,"6":3,"7":3,"8":7,"9":7,"10":7,"11":7,"12":7,"13":7,"14":7,"15":7,"16":7,"17":7,"18":7,"19":0,"20":0,"21":0,"22":12,"23":14,"24":6,"25":6,"26":6,"27":4,"28":4,"29":4,"30":3,"31":3,"32":3,"33":3,"34":1,"35":1,"36":1,"37":1,"38":1,"39":1,"40":2,"41":2,"42":8,"43":8,"44":8,"45":8,"46":2,"47":1,"48":1,"49":1,"50":1,"51":1,"52":4,"53":1,"54":7,"55":1,"56":0,"57":3,"58":3,"59":9,"60":0,"61":2,"62":0,"63":1,"64":0,"65":0,"66":9},"b":{"1":[0,3],"2":[0,7],"3":[6,8],"4":[4,2],"5":[1,3],"6":[1,2],"7":[0,1],"8":[0,8],"9":[1,1],"10":[0,1]},"f":{"1":3,"2":3,"3":3,"4":7,"5":0,"6":12,"7":4,"8":8,"9":2,"10":4,"11":1,"12":7,"13":1,"14":0,"15":3,"16":3,"17":9,"18":0,"19":2,"20":0,"21":1,"22":0,"23":9},"fnMap":{"1":{"name":"isApporovedByDao","line":55,"loc":{"start":{"line":55,"column":4},"end":{"line":59,"column":4}}},"2":{"name":"constructor","line":61,"loc":{"start":{"line":61,"column":4},"end":{"line":65,"column":4}}},"3":{"name":"fund","line":70,"loc":{"start":{"line":67,"column":4},"end":{"line":75,"column":4}}},"4":{"name":"apporoveFundingByDao","line":82,"loc":{"start":{"line":77,"column":4},"end":{"line":105,"column":4}}},"5":{"name":"cancelApporovelFundingByDao","line":107,"loc":{"start":{"line":107,"column":4},"end":{"line":112,"column":4}}},"6":{"name":"checkUpkeep","line":114,"loc":{"start":{"line":114,"column":4},"end":{"line":134,"column":4}}},"7":{"name":"performUpkeep","line":136,"loc":{"start":{"line":136,"column":4},"end":{"line":163,"column":4}}},"8":{"name":"paySubmitFee","line":165,"loc":{"start":{"line":165,"column":4},"end":{"line":173,"column":4}}},"9":{"name":"withdrawFund","line":175,"loc":{"start":{"line":175,"column":4},"end":{"line":189,"column":4}}},"10":{"name":"_isApporoveFundingByDao","line":191,"loc":{"start":{"line":191,"column":4},"end":{"line":197,"column":4}}},"11":{"name":"_getHashOfProjectData","line":199,"loc":{"start":{"line":199,"column":4},"end":{"line":205,"column":4}}},"12":{"name":"_getProjectId","line":207,"loc":{"start":{"line":207,"column":4},"end":{"line":213,"column":4}}},"13":{"name":"_getBalanceOfProject","line":215,"loc":{"start":{"line":215,"column":4},"end":{"line":221,"column":4}}},"14":{"name":"_getFundingGoalAmount","line":223,"loc":{"start":{"line":223,"column":4},"end":{"line":229,"column":4}}},"15":{"name":"is_funding","line":231,"loc":{"start":{"line":231,"column":4},"end":{"line":233,"column":4}}},"16":{"name":"_getProjectStatus","line":235,"loc":{"start":{"line":235,"column":4},"end":{"line":241,"column":4}}},"17":{"name":"getEnteranceFee","line":243,"loc":{"start":{"line":243,"column":4},"end":{"line":245,"column":4}}},"18":{"name":"isEnteranceFeePaid","line":247,"loc":{"start":{"line":247,"column":4},"end":{"line":249,"column":4}}},"19":{"name":"getFunderBalance","line":251,"loc":{"start":{"line":251,"column":4},"end":{"line":257,"column":4}}},"20":{"name":"getInvestedProjects","line":259,"loc":{"start":{"line":259,"column":4},"end":{"line":265,"column":4}}},"21":{"name":"getDaoPercentage","line":267,"loc":{"start":{"line":267,"column":4},"end":{"line":269,"column":4}}},"22":{"name":"getTimeleft","line":271,"loc":{"start":{"line":271,"column":4},"end":{"line":278,"column":4}}},"23":{"name":"getCurrentProjectId","line":280,"loc":{"start":{"line":280,"column":4},"end":{"line":282,"column":4}}}},"statementMap":{"1":{"start":{"line":56,"column":8},"end":{"line":56,"column":2247}},"2":{"start":{"line":62,"column":8},"end":{"line":62,"column":38}},"3":{"start":{"line":63,"column":8},"end":{"line":63,"column":37}},"4":{"start":{"line":64,"column":8},"end":{"line":64,"column":35}},"5":{"start":{"line":72,"column":8},"end":{"line":72,"column":50}},"6":{"start":{"line":73,"column":8},"end":{"line":73,"column":43}},"7":{"start":{"line":74,"column":8},"end":{"line":74,"column":49}},"8":{"start":{"line":84,"column":8},"end":{"line":84,"column":3021}},"9":{"start":{"line":91,"column":12},"end":{"line":91,"column":60}},"10":{"start":{"line":92,"column":12},"end":{"line":92,"column":77}},"11":{"start":{"line":93,"column":12},"end":{"line":93,"column":34}},"12":{"start":{"line":94,"column":12},"end":{"line":94,"column":67}},"13":{"start":{"line":95,"column":12},"end":{"line":95,"column":49}},"14":{"start":{"line":96,"column":12},"end":{"line":96,"column":42}},"15":{"start":{"line":97,"column":12},"end":{"line":97,"column":3588}},"16":{"start":{"line":100,"column":12},"end":{"line":100,"column":46}},"17":{"start":{"line":101,"column":12},"end":{"line":101,"column":39}},"18":{"start":{"line":102,"column":12},"end":{"line":102,"column":48}},"19":{"start":{"line":109,"column":8},"end":{"line":109,"column":43}},"20":{"start":{"line":110,"column":8},"end":{"line":110,"column":36}},"21":{"start":{"line":111,"column":8},"end":{"line":111,"column":71}},"22":{"start":{"line":122,"column":8},"end":{"line":122,"column":4352}},"23":{"start":{"line":123,"column":12},"end":{"line":123,"column":4441}},"24":{"start":{"line":124,"column":16},"end":{"line":124,"column":4515}},"25":{"start":{"line":127,"column":16},"end":{"line":127,"column":42}},"26":{"start":{"line":128,"column":16},"end":{"line":128,"column":4704}},"27":{"start":{"line":129,"column":20},"end":{"line":129,"column":63}},"28":{"start":{"line":137,"column":8},"end":{"line":137,"column":47}},"29":{"start":{"line":138,"column":8},"end":{"line":138,"column":4990}},"30":{"start":{"line":142,"column":8},"end":{"line":142,"column":57}},"31":{"start":{"line":143,"column":8},"end":{"line":143,"column":36}},"32":{"start":{"line":144,"column":8},"end":{"line":144,"column":43}},"33":{"start":{"line":146,"column":8},"end":{"line":146,"column":5223}},"34":{"start":{"line":147,"column":12},"end":{"line":147,"column":74}},"35":{"start":{"line":148,"column":12},"end":{"line":148,"column":5417}},"36":{"start":{"line":150,"column":12},"end":{"line":150,"column":38}},"37":{"start":{"line":151,"column":12},"end":{"line":151,"column":5538}},"38":{"start":{"line":154,"column":12},"end":{"line":154,"column":5657}},"39":{"start":{"line":158,"column":12},"end":{"line":158,"column":53}},"40":{"start":{"line":160,"column":12},"end":{"line":160,"column":73}},"41":{"start":{"line":161,"column":12},"end":{"line":161,"column":48}},"42":{"start":{"line":166,"column":8},"end":{"line":166,"column":6029}},"43":{"start":{"line":169,"column":12},"end":{"line":169,"column":49}},"44":{"start":{"line":170,"column":12},"end":{"line":170,"column":59}},"45":{"start":{"line":171,"column":12},"end":{"line":171,"column":45}},"46":{"start":{"line":176,"column":8},"end":{"line":176,"column":6371}},"47":{"start":{"line":177,"column":12},"end":{"line":177,"column":64}},"48":{"start":{"line":178,"column":12},"end":{"line":178,"column":46}},"49":{"start":{"line":179,"column":12},"end":{"line":179,"column":6575}},"50":{"start":{"line":182,"column":12},"end":{"line":182,"column":6686}},"51":{"start":{"line":185,"column":12},"end":{"line":185,"column":64}},"52":{"start":{"line":196,"column":8},"end":{"line":196,"column":43}},"53":{"start":{"line":204,"column":8},"end":{"line":204,"column":34}},"54":{"start":{"line":212,"column":8},"end":{"line":212,"column":41}},"55":{"start":{"line":220,"column":8},"end":{"line":220,"column":38}},"56":{"start":{"line":228,"column":8},"end":{"line":228,"column":50}},"57":{"start":{"line":232,"column":8},"end":{"line":232,"column":37}},"58":{"start":{"line":240,"column":8},"end":{"line":240,"column":48}},"59":{"start":{"line":244,"column":8},"end":{"line":244,"column":27}},"60":{"start":{"line":248,"column":8},"end":{"line":248,"column":43}},"61":{"start":{"line":256,"column":8},"end":{"line":256,"column":46}},"62":{"start":{"line":264,"column":8},"end":{"line":264,"column":41}},"63":{"start":{"line":268,"column":8},"end":{"line":268,"column":28}},"64":{"start":{"line":276,"column":8},"end":{"line":276,"column":72}},"65":{"start":{"line":277,"column":8},"end":{"line":277,"column":27}},"66":{"start":{"line":281,"column":8},"end":{"line":281,"column":24}}},"branchMap":{"1":{"line":56,"type":"if","locations":[{"start":{"line":56,"column":8},"end":{"line":56,"column":8}},{"start":{"line":56,"column":8},"end":{"line":56,"column":8}}]},"2":{"line":84,"type":"if","locations":[{"start":{"line":84,"column":8},"end":{"line":84,"column":8}},{"start":{"line":84,"column":8},"end":{"line":84,"column":8}}]},"3":{"line":123,"type":"if","locations":[{"start":{"line":123,"column":12},"end":{"line":123,"column":12}},{"start":{"line":123,"column":12},"end":{"line":123,"column":12}}]},"4":{"line":128,"type":"if","locations":[{"start":{"line":128,"column":16},"end":{"line":128,"column":16}},{"start":{"line":128,"column":16},"end":{"line":128,"column":16}}]},"5":{"line":138,"type":"if","locations":[{"start":{"line":138,"column":8},"end":{"line":138,"column":8}},{"start":{"line":138,"column":8},"end":{"line":138,"column":8}}]},"6":{"line":146,"type":"if","locations":[{"start":{"line":146,"column":8},"end":{"line":146,"column":8}},{"start":{"line":146,"column":8},"end":{"line":146,"column":8}}]},"7":{"line":154,"type":"if","locations":[{"start":{"line":154,"column":12},"end":{"line":154,"column":12}},{"start":{"line":154,"column":12},"end":{"line":154,"column":12}}]},"8":{"line":166,"type":"if","locations":[{"start":{"line":166,"column":8},"end":{"line":166,"column":8}},{"start":{"line":166,"column":8},"end":{"line":166,"column":8}}]},"9":{"line":176,"type":"if","locations":[{"start":{"line":176,"column":8},"end":{"line":176,"column":8}},{"start":{"line":176,"column":8},"end":{"line":176,"column":8}}]},"10":{"line":182,"type":"if","locations":[{"start":{"line":182,"column":12},"end":{"line":182,"column":12}},{"start":{"line":182,"column":12},"end":{"line":182,"column":12}}]}}},
"contracts/GovernanceToken.sol":{"l":{"20":3,"28":31,"29":31,"37":3,"41":0,"45":1,"52":1},"path":"/home/furkansezal/dao/contracts/GovernanceToken.sol","s":{"1":3,"2":31,"3":31,"4":3,"5":0,"6":1,"7":1},"b":{},"f":{"1":3,"2":31,"3":3,"4":0,"5":1,"6":1},"fnMap":{"1":{"name":"constructor","line":18,"loc":{"start":{"line":16,"column":4},"end":{"line":21,"column":4}}},"2":{"name":"_afterTokenTransfer","line":23,"loc":{"start":{"line":23,"column":4},"end":{"line":30,"column":4}}},"3":{"name":"_mint","line":35,"loc":{"start":{"line":32,"column":4},"end":{"line":38,"column":4}}},"4":{"name":"mintToken","line":40,"loc":{"start":{"line":40,"column":4},"end":{"line":42,"column":4}}},"5":{"name":"burnToken","line":44,"loc":{"start":{"line":44,"column":4},"end":{"line":46,"column":4}}},"6":{"name":"_burn","line":48,"loc":{"start":{"line":48,"column":4},"end":{"line":53,"column":4}}}},"statementMap":{"1":{"start":{"line":20,"column":8},"end":{"line":20,"column":41}},"2":{"start":{"line":28,"column":8},"end":{"line":28,"column":50}},"3":{"start":{"line":29,"column":8},"end":{"line":29,"column":44}},"4":{"start":{"line":37,"column":8},"end":{"line":37,"column":30}},"5":{"start":{"line":41,"column":8},"end":{"line":41,"column":24}},"6":{"start":{"line":45,"column":8},"end":{"line":45,"column":29}},"7":{"start":{"line":52,"column":8},"end":{"line":52,"column":35}}},"branchMap":{}},
"contracts/GovernerContract.sol":{"l":{"52":8,"61":8,"70":24,"79":50,"88":10,"89":2,"91":8,"100":8,"110":7,"119":0,"128":14,"137":0},"path":"/home/furkansezal/dao/contracts/GovernerContract.sol","s":{"1":8,"2":8,"3":24,"4":50,"5":10,"6":8,"7":8,"8":7,"9":0,"10":14,"11":0},"b":{"1":[2,8]},"f":{"1":3,"2":8,"3":8,"4":24,"5":50,"6":10,"7":8,"8":7,"9":0,"10":14,"11":0},"fnMap":{"1":{"name":"constructor","line":41,"loc":{"start":{"line":23,"column":4},"end":{"line":42,"column":5}}},"2":{"name":"votingDelay","line":46,"loc":{"start":{"line":46,"column":4},"end":{"line":53,"column":4}}},"3":{"name":"votingPeriod","line":55,"loc":{"start":{"line":55,"column":4},"end":{"line":62,"column":4}}},"4":{"name":"quorum","line":64,"loc":{"start":{"line":64,"column":4},"end":{"line":71,"column":4}}},"5":{"name":"state","line":73,"loc":{"start":{"line":73,"column":4},"end":{"line":80,"column":4}}},"6":{"name":"propose","line":82,"loc":{"start":{"line":82,"column":4},"end":{"line":92,"column":4}}},"7":{"name":"proposalThreshold","line":94,"loc":{"start":{"line":94,"column":4},"end":{"line":101,"column":4}}},"8":{"name":"_execute","line":103,"loc":{"start":{"line":103,"column":4},"end":{"line":111,"column":4}}},"9":{"name":"_cancel","line":113,"loc":{"start":{"line":113,"column":4},"end":{"line":120,"column":4}}},"10":{"name":"_executor","line":122,"loc":{"start":{"line":122,"column":4},"end":{"line":129,"column":4}}},"11":{"name":"supportsInterface","line":131,"loc":{"start":{"line":131,"column":4},"end":{"line":138,"column":4}}}},"statementMap":{"1":{"start":{"line":52,"column":8},"end":{"line":52,"column":34}},"2":{"start":{"line":61,"column":8},"end":{"line":61,"column":35}},"3":{"start":{"line":70,"column":8},"end":{"line":70,"column":40}},"4":{"start":{"line":79,"column":8},"end":{"line":79,"column":38}},"5":{"start":{"line":88,"column":8},"end":{"line":88,"column":2473}},"6":{"start":{"line":91,"column":8},"end":{"line":91,"column":69}},"7":{"start":{"line":100,"column":8},"end":{"line":100,"column":40}},"8":{"start":{"line":110,"column":8},"end":{"line":110,"column":78}},"9":{"start":{"line":119,"column":8},"end":{"line":119,"column":73}},"10":{"start":{"line":128,"column":8},"end":{"line":128,"column":32}},"11":{"start":{"line":137,"column":8},"end":{"line":137,"column":51}}},"branchMap":{"1":{"line":88,"type":"if","locations":[{"start":{"line":88,"column":8},"end":{"line":88,"column":8}},{"start":{"line":88,"column":8},"end":{"line":88,"column":8}}]}}},
"contracts/TimeLock.sol":{"l":{},"path":"/home/furkansezal/dao/contracts/TimeLock.sol","s":{},"b":{},"f":{"1":3},"fnMap":{"1":{"name":"constructor","line":14,"loc":{"start":{"line":10,"column":4},"end":{"line":14,"column":58}}}},"statementMap":{},"branchMap":{}}}
