TN:
SF:/home/furkansezal/dao/contracts/FundProject.sol
FN:55,isApporovedByDao
FN:61,constructor
FN:70,fund
FN:82,apporoveFundingByDao
FN:107,cancelApporovelFundingByDao
FN:114,checkUpkeep
FN:136,performUpkeep
FN:165,paySubmitFee
FN:175,withdrawFund
FN:191,_isApporoveFundingByDao
FN:199,_getHashOfProjectData
FN:207,_getProjectId
FN:215,_getBalanceOfProject
FN:223,_getFundingGoalAmount
FN:231,is_funding
FN:235,_getProjectStatus
FN:243,getEnteranceFee
FN:247,isEnteranceFeePaid
FN:251,getFunderBalance
FN:259,getInvestedProjects
FN:267,getDaoPercentage
FN:271,getTimeleft
FN:280,getCurrentProjectId
FNF:23
FNH:19
FNDA:3,isApporovedByDao
FNDA:3,constructor
FNDA:3,fund
FNDA:8,apporoveFundingByDao
FNDA:1,cancelApporovelFundingByDao
FNDA:13,checkUpkeep
FNDA:4,performUpkeep
FNDA:10,paySubmitFee
FNDA:2,withdrawFund
FNDA:5,_isApporoveFundingByDao
FNDA:1,_getHashOfProjectData
FNDA:8,_getProjectId
FNDA:1,_getBalanceOfProject
FNDA:0,_getFundingGoalAmount
FNDA:4,is_funding
FNDA:4,_getProjectStatus
FNDA:11,getEnteranceFee
FNDA:0,isEnteranceFeePaid
FNDA:2,getFunderBalance
FNDA:0,getInvestedProjects
FNDA:1,getDaoPercentage
FNDA:0,getTimeleft
FNDA:10,getCurrentProjectId
DA:56,3
DA:57,0
DA:58,3
DA:62,3
DA:63,3
DA:64,3
DA:72,3
DA:73,3
DA:74,3
DA:84,8
DA:89,0
DA:91,8
DA:92,8
DA:93,8
DA:94,8
DA:95,8
DA:96,8
DA:97,8
DA:100,8
DA:101,8
DA:102,8
DA:103,8
DA:109,1
DA:110,1
DA:111,1
DA:122,13
DA:123,15
DA:124,6
DA:127,6
DA:128,6
DA:129,4
DA:130,4
DA:137,4
DA:138,4
DA:139,1
DA:142,3
DA:143,3
DA:144,3
DA:146,3
DA:147,1
DA:148,1
DA:150,1
DA:151,1
DA:154,1
DA:155,0
DA:158,1
DA:160,2
DA:161,2
DA:166,10
DA:167,0
DA:169,10
DA:170,10
DA:171,10
DA:176,2
DA:177,1
DA:178,1
DA:179,1
DA:182,1
DA:183,0
DA:185,1
DA:187,1
DA:196,5
DA:204,1
DA:212,8
DA:220,1
DA:228,0
DA:232,4
DA:240,4
DA:244,11
DA:248,0
DA:256,2
DA:264,0
DA:268,1
DA:276,0
DA:277,0
DA:281,10
LF:76
LH:66
BRDA:56,1,0,0
BRDA:56,1,1,3
BRDA:84,2,0,0
BRDA:84,2,1,8
BRDA:123,3,0,6
BRDA:123,3,1,9
BRDA:128,4,0,4
BRDA:128,4,1,2
BRDA:138,5,0,1
BRDA:138,5,1,3
BRDA:146,6,0,1
BRDA:146,6,1,2
BRDA:154,7,0,0
BRDA:154,7,1,1
BRDA:166,8,0,0
BRDA:166,8,1,10
BRDA:176,9,0,1
BRDA:176,9,1,1
BRDA:182,10,0,0
BRDA:182,10,1,1
BRF:20
BRH:15
end_of_record
TN:
SF:/home/furkansezal/dao/contracts/GovernanceToken.sol
FN:18,constructor
FN:23,_afterTokenTransfer
FN:35,_mint
FN:40,mintToken
FN:44,burnToken
FN:48,_burn
FNF:6
FNH:6
FNDA:3,constructor
FNDA:35,_afterTokenTransfer
FNDA:4,_mint
FNDA:2,mintToken
FNDA:1,burnToken
FNDA:1,_burn
DA:20,3
DA:28,35
DA:29,35
DA:37,4
DA:41,2
DA:45,1
DA:52,1
LF:7
LH:7
BRF:0
BRH:0
end_of_record
TN:
SF:/home/furkansezal/dao/contracts/GovernerContract.sol
FN:41,constructor
FN:46,votingDelay
FN:55,votingPeriod
FN:64,quorum
FN:73,state
FN:82,propose
FN:94,proposalThreshold
FN:103,_execute
FN:113,_cancel
FN:122,_executor
FN:131,supportsInterface
FNF:11
FNH:9
FNDA:3,constructor
FNDA:10,votingDelay
FNDA:10,votingPeriod
FNDA:30,quorum
FNDA:62,state
FNDA:12,propose
FNDA:10,proposalThreshold
FNDA:9,_execute
FNDA:0,_cancel
FNDA:18,_executor
FNDA:0,supportsInterface
DA:52,10
DA:61,10
DA:70,30
DA:79,62
DA:88,12
DA:89,2
DA:91,10
DA:100,10
DA:110,9
DA:119,0
DA:128,18
DA:137,0
LF:12
LH:10
BRDA:88,1,0,2
BRDA:88,1,1,10
BRF:2
BRH:2
end_of_record
TN:
SF:/home/furkansezal/dao/contracts/TimeLock.sol
FN:14,constructor
FNF:1
FNH:1
FNDA:3,constructor
LF:0
LH:0
BRF:0
BRH:0
end_of_record
