TN:
SF:/home/furkansezal/dao/contracts/Box.sol
FN:14,store
FN:20,retrieve
FNF:2
FNH:2
FNDA:1,store
FNDA:2,retrieve
DA:15,1
DA:16,1
DA:21,2
LF:3
LH:3
BRF:0
BRH:0
end_of_record
TN:
SF:/home/furkansezal/dao/contracts/GovernanceToken.sol
FN:16,onlyOwner
FN:23,constructor
FN:29,_afterTokenTransfer
FN:41,_mint
FN:46,mintToken
FN:50,burnToken
FN:54,_burn
FNF:7
FNH:5
FNDA:5,onlyOwner
FNDA:3,constructor
FNDA:10,_afterTokenTransfer
FNDA:4,_mint
FNDA:2,mintToken
FNDA:0,burnToken
FNDA:0,_burn
DA:17,5
DA:18,4
DA:25,3
DA:26,3
DA:34,10
DA:35,10
DA:43,4
DA:47,2
DA:51,0
DA:58,0
LF:10
LH:8
BRDA:17,1,0,4
BRDA:17,1,1,1
BRF:2
BRH:2
end_of_record
TN:
SF:/home/furkansezal/dao/contracts/GovernerContract.sol
FN:34,constructor
FN:39,votingDelay
FN:48,votingPeriod
FN:57,quorum
FN:66,state
FN:75,propose
FN:84,proposalThreshold
FN:93,_execute
FN:103,_cancel
FN:112,_executor
FN:121,supportsInterface
FNF:11
FNH:9
FNDA:3,constructor
FNDA:2,votingDelay
FNDA:2,votingPeriod
FNDA:6,quorum
FNDA:14,state
FNDA:2,propose
FNDA:2,proposalThreshold
FNDA:1,_execute
FNDA:0,_cancel
FNDA:2,_executor
FNDA:0,supportsInterface
DA:45,2
DA:54,2
DA:63,6
DA:72,14
DA:81,2
DA:90,2
DA:100,1
DA:109,0
DA:118,2
DA:127,0
LF:10
LH:8
BRF:0
BRH:0
end_of_record
TN:
SF:/home/furkansezal/dao/contracts/TimeLock.sol
FN:14,constructor
FNF:1
FNH:1
FNDA:3,constructor
LF:0
LH:0
BRF:0
BRH:0
end_of_record
